<?xml version="1.0" encoding="UTF-8"?>
<testsuite xmlns:xsi="http://www.w3.org/2001/XMLSchema-instance" xsi:noNamespaceSchemaLocation="https://maven.apache.org/surefire/maven-surefire-plugin/xsd/surefire-test-report-3.0.xsd" version="3.0" name="mx.unam.ciencias.edd.test.TestArbolAVL" time="0.029" tests="8" errors="0" skipped="0" failures="0">
  <properties>
    <property name="java.specification.version" value="17"/>
    <property name="sun.jnu.encoding" value="UTF-8"/>
    <property name="java.class.path" value="/home/angel/Documents/CC/3-Semester/DataStructures_CS/Practices/practica7/target/test-classes:/home/angel/Documents/CC/3-Semester/DataStructures_CS/Practices/practica7/target/classes:/home/angel/.m2/repository/junit/junit/4.13.2/junit-4.13.2.jar:/home/angel/.m2/repository/org/hamcrest/hamcrest-core/1.3/hamcrest-core-1.3.jar:"/>
    <property name="java.vm.vendor" value="Arch Linux"/>
    <property name="sun.arch.data.model" value="64"/>
    <property name="java.vendor.url" value="https://openjdk.java.net/"/>
    <property name="os.name" value="Linux"/>
    <property name="java.vm.specification.version" value="17"/>
    <property name="sun.java.launcher" value="SUN_STANDARD"/>
    <property name="user.country" value="US"/>
    <property name="sun.boot.library.path" value="/usr/lib/jvm/java-17-openjdk/lib"/>
    <property name="sun.java.command" value="/home/angel/Documents/CC/3-Semester/DataStructures_CS/Practices/practica7/target/surefire/surefirebooter-20241022234950160_3.jar /home/angel/Documents/CC/3-Semester/DataStructures_CS/Practices/practica7/target/surefire 2024-10-22T23-49-50_040-jvmRun1 surefire-20241022234950160_1tmp surefire_0-20241022234950160_2tmp"/>
    <property name="jdk.debug" value="release"/>
    <property name="surefire.test.class.path" value="/home/angel/Documents/CC/3-Semester/DataStructures_CS/Practices/practica7/target/test-classes:/home/angel/Documents/CC/3-Semester/DataStructures_CS/Practices/practica7/target/classes:/home/angel/.m2/repository/junit/junit/4.13.2/junit-4.13.2.jar:/home/angel/.m2/repository/org/hamcrest/hamcrest-core/1.3/hamcrest-core-1.3.jar:"/>
    <property name="sun.cpu.endian" value="little"/>
    <property name="user.home" value="/home/angel"/>
    <property name="user.language" value="en"/>
    <property name="java.specification.vendor" value="Oracle Corporation"/>
    <property name="java.version.date" value="2024-10-15"/>
    <property name="java.home" value="/usr/lib/jvm/java-17-openjdk"/>
    <property name="file.separator" value="/"/>
    <property name="basedir" value="/home/angel/Documents/CC/3-Semester/DataStructures_CS/Practices/practica7"/>
    <property name="java.vm.compressedOopsMode" value="Zero based"/>
    <property name="line.separator" value="&#10;"/>
    <property name="java.vm.specification.vendor" value="Oracle Corporation"/>
    <property name="java.specification.name" value="Java Platform API Specification"/>
    <property name="surefire.real.class.path" value="/home/angel/Documents/CC/3-Semester/DataStructures_CS/Practices/practica7/target/surefire/surefirebooter-20241022234950160_3.jar"/>
    <property name="sun.management.compiler" value="HotSpot 64-Bit Tiered Compilers"/>
    <property name="java.runtime.version" value="17.0.13+11"/>
    <property name="user.name" value="angel"/>
    <property name="path.separator" value=":"/>
    <property name="os.version" value="6.11.4-arch2-1"/>
    <property name="java.runtime.name" value="OpenJDK Runtime Environment"/>
    <property name="file.encoding" value="UTF-8"/>
    <property name="java.vm.name" value="OpenJDK 64-Bit Server VM"/>
    <property name="localRepository" value="/home/angel/.m2/repository"/>
    <property name="java.vendor.url.bug" value="https://bugreport.java.com/bugreport/"/>
    <property name="java.io.tmpdir" value="/tmp"/>
    <property name="java.version" value="17.0.13"/>
    <property name="user.dir" value="/home/angel/Documents/CC/3-Semester/DataStructures_CS/Practices/practica7"/>
    <property name="os.arch" value="amd64"/>
    <property name="java.vm.specification.name" value="Java Virtual Machine Specification"/>
    <property name="native.encoding" value="UTF-8"/>
    <property name="java.library.path" value="/usr/java/packages/lib:/usr/lib64:/lib64:/lib:/usr/lib"/>
    <property name="java.vm.info" value="mixed mode, sharing"/>
    <property name="java.vendor" value="Arch Linux"/>
    <property name="java.vm.version" value="17.0.13+11"/>
    <property name="java.specification.maintenance.version" value="1"/>
    <property name="sun.io.unicode.encoding" value="UnicodeLittle"/>
    <property name="java.class.version" value="61.0"/>
  </properties>
  <testcase name="testElimina" classname="mx.unam.ciencias.edd.test.TestArbolAVL" time="0.0"/>
  <testcase name="testToString" classname="mx.unam.ciencias.edd.test.TestArbolAVL" time="0.009"/>
  <testcase name="testGiraDerecha" classname="mx.unam.ciencias.edd.test.TestArbolAVL" time="0.0"/>
  <testcase name="testAgrega" classname="mx.unam.ciencias.edd.test.TestArbolAVL" time="0.003"/>
  <testcase name="testEquals" classname="mx.unam.ciencias.edd.test.TestArbolAVL" time="0.002"/>
  <testcase name="testGiraIzquierda" classname="mx.unam.ciencias.edd.test.TestArbolAVL" time="0.003"/>
  <testcase name="testConstructorColeccion" classname="mx.unam.ciencias.edd.test.TestArbolAVL" time="0.002"/>
  <testcase name="testConstructor" classname="mx.unam.ciencias.edd.test.TestArbolAVL" time="0.001"/>
</testsuite>