<?xml version="1.0" encoding="UTF-8"?>
<testsuite xmlns:xsi="http://www.w3.org/2001/XMLSchema-instance" xsi:noNamespaceSchemaLocation="https://maven.apache.org/surefire/maven-surefire-plugin/xsd/surefire-test-report-3.0.xsd" version="3.0" name="mx.unam.ciencias.edd.test.TestLista" time="0.202" tests="31" errors="0" skipped="0" failures="0">
  <properties>
    <property name="java.specification.version" value="17"/>
    <property name="sun.jnu.encoding" value="UTF-8"/>
    <property name="java.class.path" value="/home/angel/Documentos/CC/DataStructures_CS/Practices/practica3/target/test-classes:/home/angel/Documentos/CC/DataStructures_CS/Practices/practica3/target/classes:/home/angel/.m2/repository/junit/junit/4.13.2/junit-4.13.2.jar:/home/angel/.m2/repository/org/hamcrest/hamcrest-core/1.3/hamcrest-core-1.3.jar:"/>
    <property name="java.vm.vendor" value="Oracle Corporation"/>
    <property name="sun.arch.data.model" value="64"/>
    <property name="java.vendor.url" value="https://openjdk.java.net/"/>
    <property name="os.name" value="Linux"/>
    <property name="java.vm.specification.version" value="17"/>
    <property name="sun.java.launcher" value="SUN_STANDARD"/>
    <property name="user.country" value="MX"/>
    <property name="sun.boot.library.path" value="/usr/lib/jvm/java-17-openjdk/lib"/>
    <property name="sun.java.command" value="/home/angel/Documentos/CC/DataStructures_CS/Practices/practica3/target/surefire/surefirebooter-20240918205113738_3.jar /home/angel/Documentos/CC/DataStructures_CS/Practices/practica3/target/surefire 2024-09-18T20-51-13_593-jvmRun1 surefire-20240918205113738_1tmp surefire_0-20240918205113738_2tmp"/>
    <property name="jdk.debug" value="release"/>
    <property name="surefire.test.class.path" value="/home/angel/Documentos/CC/DataStructures_CS/Practices/practica3/target/test-classes:/home/angel/Documentos/CC/DataStructures_CS/Practices/practica3/target/classes:/home/angel/.m2/repository/junit/junit/4.13.2/junit-4.13.2.jar:/home/angel/.m2/repository/org/hamcrest/hamcrest-core/1.3/hamcrest-core-1.3.jar:"/>
    <property name="sun.cpu.endian" value="little"/>
    <property name="user.home" value="/home/angel"/>
    <property name="user.language" value="es"/>
    <property name="java.specification.vendor" value="Oracle Corporation"/>
    <property name="java.version.date" value="2024-04-16"/>
    <property name="java.home" value="/usr/lib/jvm/java-17-openjdk"/>
    <property name="file.separator" value="/"/>
    <property name="basedir" value="/home/angel/Documentos/CC/DataStructures_CS/Practices/practica3"/>
    <property name="java.vm.compressedOopsMode" value="Zero based"/>
    <property name="line.separator" value="&#10;"/>
    <property name="java.vm.specification.vendor" value="Oracle Corporation"/>
    <property name="java.specification.name" value="Java Platform API Specification"/>
    <property name="surefire.real.class.path" value="/home/angel/Documentos/CC/DataStructures_CS/Practices/practica3/target/surefire/surefirebooter-20240918205113738_3.jar"/>
    <property name="sun.management.compiler" value="HotSpot 64-Bit Tiered Compilers"/>
    <property name="java.runtime.version" value="17.0.11+9"/>
    <property name="user.name" value="angel"/>
    <property name="path.separator" value=":"/>
    <property name="os.version" value="6.9.7-arch1-1"/>
    <property name="java.runtime.name" value="OpenJDK Runtime Environment"/>
    <property name="file.encoding" value="UTF-8"/>
    <property name="java.vm.name" value="OpenJDK 64-Bit Server VM"/>
    <property name="localRepository" value="/home/angel/.m2/repository"/>
    <property name="java.vendor.url.bug" value="https://bugreport.java.com/bugreport/"/>
    <property name="java.io.tmpdir" value="/tmp"/>
    <property name="java.version" value="17.0.11"/>
    <property name="user.dir" value="/home/angel/Documentos/CC/DataStructures_CS/Practices/practica3"/>
    <property name="os.arch" value="amd64"/>
    <property name="java.vm.specification.name" value="Java Virtual Machine Specification"/>
    <property name="native.encoding" value="UTF-8"/>
    <property name="java.library.path" value="/usr/java/packages/lib:/usr/lib64:/lib64:/lib:/usr/lib"/>
    <property name="java.vm.info" value="mixed mode, sharing"/>
    <property name="java.vendor" value="N/A"/>
    <property name="java.vm.version" value="17.0.11+9"/>
    <property name="sun.io.unicode.encoding" value="UnicodeLittle"/>
    <property name="java.class.version" value="61.0"/>
  </properties>
  <testcase name="testAgregaFinal" classname="mx.unam.ciencias.edd.test.TestLista" time="0.001"/>
  <testcase name="testElimina" classname="mx.unam.ciencias.edd.test.TestLista" time="0.004"/>
  <testcase name="testMergeSort" classname="mx.unam.ciencias.edd.test.TestLista" time="0.008"/>
  <testcase name="testEsVacia" classname="mx.unam.ciencias.edd.test.TestLista" time="0.0"/>
  <testcase name="testEliminaPrimero" classname="mx.unam.ciencias.edd.test.TestLista" time="0.005"/>
  <testcase name="testIteradorHasNext" classname="mx.unam.ciencias.edd.test.TestLista" time="0.003"/>
  <testcase name="testBusquedaLineal" classname="mx.unam.ciencias.edd.test.TestLista" time="0.006"/>
  <testcase name="testGet" classname="mx.unam.ciencias.edd.test.TestLista" time="0.002"/>
  <testcase name="testAgregaInicio" classname="mx.unam.ciencias.edd.test.TestLista" time="0.002"/>
  <testcase name="testCopia" classname="mx.unam.ciencias.edd.test.TestLista" time="0.002"/>
  <testcase name="testToString" classname="mx.unam.ciencias.edd.test.TestLista" time="0.027"/>
  <testcase name="testIteradorStart" classname="mx.unam.ciencias.edd.test.TestLista" time="0.001"/>
  <testcase name="testGetLongitud" classname="mx.unam.ciencias.edd.test.TestLista" time="0.001"/>
  <testcase name="testEliminaUltimo" classname="mx.unam.ciencias.edd.test.TestLista" time="0.0"/>
  <testcase name="testGetPrimero" classname="mx.unam.ciencias.edd.test.TestLista" time="0.001"/>
  <testcase name="testContiene" classname="mx.unam.ciencias.edd.test.TestLista" time="0.002"/>
  <testcase name="testIteradorNext" classname="mx.unam.ciencias.edd.test.TestLista" time="0.0"/>
  <testcase name="testIteradorPrevious" classname="mx.unam.ciencias.edd.test.TestLista" time="0.001"/>
  <testcase name="testIteradorEnd" classname="mx.unam.ciencias.edd.test.TestLista" time="0.001"/>
  <testcase name="testBusquedaLinealLista" classname="mx.unam.ciencias.edd.test.TestLista" time="0.002"/>
  <testcase name="testMergeSortLista" classname="mx.unam.ciencias.edd.test.TestLista" time="0.002"/>
  <testcase name="testReversa" classname="mx.unam.ciencias.edd.test.TestLista" time="0.001"/>
  <testcase name="testGetElementos" classname="mx.unam.ciencias.edd.test.TestLista" time="0.001"/>
  <testcase name="testIteradorHasPrevious" classname="mx.unam.ciencias.edd.test.TestLista" time="0.001"/>
  <testcase name="testIndiceDe" classname="mx.unam.ciencias.edd.test.TestLista" time="0.0"/>
  <testcase name="testAgrega" classname="mx.unam.ciencias.edd.test.TestLista" time="0.001"/>
  <testcase name="testEquals" classname="mx.unam.ciencias.edd.test.TestLista" time="0.0"/>
  <testcase name="testLimpia" classname="mx.unam.ciencias.edd.test.TestLista" time="0.002"/>
  <testcase name="testGetUltimo" classname="mx.unam.ciencias.edd.test.TestLista" time="0.001"/>
  <testcase name="testInserta" classname="mx.unam.ciencias.edd.test.TestLista" time="0.11"/>
  <testcase name="testConstructor" classname="mx.unam.ciencias.edd.test.TestLista" time="0.003"/>
</testsuite>